<?xml version="1.0" encoding="UTF-8"?>
<!-- Generated by org.testng.reporters.JUnitReportReporter -->
<testsuite hostname="DESKTOP-6MJTGIG" name="com.test.runner.Election_API_Runner" tests="1" failures="0" timestamp="3 Mar 2020 05:20:09 GMT" time="4.928" errors="0">
  <testcase name="demo" time="4.928" classname="com.test.runner.Election_API_Runner"/>
</testsuite> <!-- com.test.runner.Election_API_Runner -->
