<?xml version="1.0" encoding="UTF-8"?>
<!-- Generated by org.testng.reporters.JUnitReportReporter -->
<testsuite skipped="0" hostname="Rajesh" name="com.test.runner.Election_API_Test" tests="1" failures="0" timestamp="03 Mar 2020 19:50:05 GMT" time="6.447" errors="0">
  <testcase name="Goolge_API" time="6.447" classname="com.test.runner.Election_API_Test"/>
</testsuite> <!-- com.test.runner.Election_API_Test -->
