<?xml version="1.0" encoding="UTF-8"?>
<!-- Generated by org.testng.reporters.JUnitReportReporter -->
<testsuite hostname="Rajesh" name="com.test.runner.Election_API_Test" tests="1" failures="0" timestamp="3 Mar 2020 20:08:52 GMT" time="8.868" errors="0">
  <testcase name="Goolge_API" time="8.868" classname="com.test.runner.Election_API_Test"/>
</testsuite> <!-- com.test.runner.Election_API_Test -->
